2025-05-26 09:34:35.665 [info] [main] Log level: Info
2025-05-26 09:34:35.665 [info] [main] Validating found git in: "git"
2025-05-26 09:34:35.665 [info] [main] Using git "2.34.1" from "git"
2025-05-26 09:34:35.665 [info] [Model][doInitialScan] Initial repository scan started
2025-05-26 09:34:35.665 [info] > git rev-parse --show-toplevel [195ms]
2025-05-26 09:34:35.677 [info] [Model][doInitialScan] Initial repository scan completed - repositories (0), closed repositories (0), parent repositories (1), unsafe repositories (0)
2025-05-26 09:34:54.091 [info] > git rev-parse --show-toplevel [18ms]
2025-05-26 09:34:54.113 [info] > git rev-parse --git-dir --git-common-dir [4ms]
2025-05-26 09:34:54.246 [info] [Model][openRepository] Opened repository: /home/pamela
2025-05-26 09:34:54.382 [info] > git config --get commit.template [35ms]
2025-05-26 09:34:54.476 [info] > git for-each-ref --format=%(refname)%00%(upstream:short)%00%(objectname)%00%(upstream:track)%00%(upstream:remotename)%00%(upstream:remoteref) refs/heads/main refs/remotes/main [107ms]
2025-05-26 09:34:54.571 [info] > git for-each-ref --sort -committerdate --format %(refname)%00%(objectname)%00%(*objectname) [42ms]
2025-05-26 09:34:54.822 [info] > git show --textconv :odin-links-and-images/index.html [55ms]
2025-05-26 09:34:54.848 [info] > git hash-object -t tree /dev/null [10ms]
2025-05-26 09:34:54.850 [warning] [GitFileSystemProvider][readFile] File not found - git:/home/pamela/odin-links-and-images/index.html.git?%7B%22path%22%3A%22%2Fhome%2Fpamela%2Fodin-links-and-images%2Findex.html%22%2C%22ref%22%3A%22%22%7D
2025-05-26 09:34:54.885 [info] > git ls-files --stage -- odin-links-and-images/index.html [73ms]
2025-05-26 09:34:54.888 [warning] [GitFileSystemProvider][stat] File not found - git:/home/pamela/odin-links-and-images/index.html.git?%7B%22path%22%3A%22%2Fhome%2Fpamela%2Fodin-links-and-images%2Findex.html%22%2C%22ref%22%3A%22%22%7D
2025-05-26 09:34:55.012 [info] > git blame --root --incremental f30b764e2d33b37f8ebbe2738f2ae2dca6107361 -- odin-links-and-images/index.html [28ms]
2025-05-26 09:34:55.013 [info] fatal: no such path odin-links-and-images/index.html in f30b764e2d33b37f8ebbe2738f2ae2dca6107361
2025-05-26 09:34:55.078 [info] > git check-ignore -v -z --stdin [71ms]
2025-05-26 09:34:59.750 [info] > git status -z -uall [5251ms] (cancelled)
2025-05-26 09:35:07.930 [info] > git for-each-ref --format=%(refname)%00%(upstream:short)%00%(objectname)%00%(upstream:track)%00%(upstream:remotename)%00%(upstream:remoteref) refs/heads/main refs/remotes/main [8198ms]
2025-05-26 09:35:08.992 [info] > git config --get --local branch.main.vscode-merge-base [1042ms]
2025-05-26 09:35:08.993 [warning] [Git][config] git config failed: Failed to execute git
2025-05-26 09:35:09.028 [info] > git config --get commit.template [1325ms]
2025-05-26 09:35:09.049 [info] > git reflog main --grep-reflog=branch: Created from *. [23ms]
2025-05-26 09:35:09.096 [info] > git for-each-ref --format=%(refname)%00%(upstream:short)%00%(objectname)%00%(upstream:track)%00%(upstream:remotename)%00%(upstream:remoteref) refs/heads/main refs/remotes/main [48ms]
2025-05-26 09:35:09.139 [info] > git symbolic-ref --short refs/remotes/origin/HEAD [38ms]
2025-05-26 09:35:09.139 [info] fatal: ref refs/remotes/origin/HEAD is not a symbolic ref
2025-05-26 09:35:09.139 [warning] [Repository][getDefaultBranch] Failed to get default branch details: Failed to execute git.
2025-05-26 09:35:09.194 [info] > git for-each-ref --sort -committerdate --format %(refname)%00%(objectname)%00%(*objectname) [72ms]
2025-05-26 09:35:19.000 [info] > git status -z -uall [9879ms] (cancelled)
