2025-04-16 13:57:20.435 [info] [main] Log level: Info
2025-04-16 13:57:20.436 [info] [main] Validating found git in: "git"
2025-04-16 13:57:20.436 [info] [main] Using git "2.34.1" from "git"
2025-04-16 13:57:20.436 [info] [Model][doInitialScan] Initial repository scan started
2025-04-16 13:57:20.436 [info] > git rev-parse --show-toplevel [9ms]
2025-04-16 13:57:20.448 [info] > git rev-parse --git-dir --git-common-dir [2ms]
2025-04-16 13:57:20.466 [info] [Model][openRepository] Opened repository: /home/pamela/repos/git_test
2025-04-16 13:57:20.479 [info] [Model][doInitialScan] Initial repository scan completed - repositories (1), closed repositories (0), parent repositories (0), unsafe repositories (0)
2025-04-16 13:57:20.488 [info] > git config --get commit.template [1ms]
2025-04-16 13:57:20.496 [info] > git for-each-ref --format=%(refname)%00%(upstream:short)%00%(objectname)%00%(upstream:track)%00%(upstream:remotename)%00%(upstream:remoteref) refs/heads/main refs/remotes/main [2ms]
2025-04-16 13:57:20.498 [warning] [Git][revParse] Unable to read file: ENOENT: no such file or directory, open '/home/pamela/repos/git_test/.git/refs/remotes/origin/main'
2025-04-16 13:57:20.499 [info] > git rev-parse refs/remotes/origin/main [1ms]
2025-04-16 13:57:20.538 [info] > git status -z -uall [35ms]
2025-04-16 13:57:20.545 [info] > git for-each-ref --sort -committerdate --format %(refname) %(objectname) %(*objectname) [37ms]
2025-04-16 13:57:20.609 [info] > git for-each-ref --format=%(refname)%00%(upstream:short)%00%(objectname)%00%(upstream:track)%00%(upstream:remotename)%00%(upstream:remoteref) refs/heads/main refs/remotes/main [31ms]
2025-04-16 13:57:20.615 [info] > git config --get commit.template [6ms]
2025-04-16 13:57:20.615 [info] > git config --get --local branch.main.vscode-merge-base [2ms]
2025-04-16 13:57:20.616 [warning] [Git][config] git config failed: Failed to execute git
2025-04-16 13:57:20.626 [info] > git reflog main --grep-reflog=branch: Created from *. [7ms]
2025-04-16 13:57:20.630 [info] > git for-each-ref --format=%(refname)%00%(upstream:short)%00%(objectname)%00%(upstream:track)%00%(upstream:remotename)%00%(upstream:remoteref) refs/heads/main refs/remotes/main [6ms]
2025-04-16 13:57:20.634 [warning] [Git][revParse] Unable to read file: ENOENT: no such file or directory, open '/home/pamela/repos/git_test/.git/refs/remotes/origin/main'
2025-04-16 13:57:20.635 [info] > git symbolic-ref --short refs/remotes/origin/HEAD [6ms]
2025-04-16 13:57:20.639 [info] > git rev-parse refs/remotes/origin/main [5ms]
2025-04-16 13:57:20.648 [info] > git status -z -uall [6ms]
2025-04-16 13:57:20.649 [info] > git for-each-ref --format=%(refname)%00%(upstream:short)%00%(objectname)%00%(upstream:track)%00%(upstream:remotename)%00%(upstream:remoteref) refs/heads/origin/main refs/remotes/origin/main [10ms]
2025-04-16 13:57:20.653 [info] > git for-each-ref --sort -committerdate --format %(refname) %(objectname) %(*objectname) [7ms]
2025-04-16 13:57:20.663 [info] > git for-each-ref --format=%(refname)%00%(upstream:short)%00%(objectname)%00%(upstream:track)%00%(upstream:remotename)%00%(upstream:remoteref) refs/heads/main refs/remotes/main [3ms]
2025-04-16 13:57:20.666 [info] > git config --add --local branch.main.vscode-merge-base origin/main [15ms]
2025-04-16 13:57:20.674 [info] > git config --get --local branch.main.vscode-merge-base [7ms]
2025-04-16 13:57:20.678 [info] > git config --get commit.template [5ms]
2025-04-16 13:57:20.679 [info] > git for-each-ref --format=%(refname)%00%(upstream:short)%00%(objectname)%00%(upstream:track)%00%(upstream:remotename)%00%(upstream:remoteref) refs/heads/origin/main refs/remotes/origin/main [2ms]
2025-04-16 13:57:20.689 [info] > git merge-base refs/heads/main refs/remotes/origin/main [6ms]
2025-04-16 13:57:20.695 [info] > git for-each-ref --format=%(refname)%00%(upstream:short)%00%(objectname)%00%(upstream:track)%00%(upstream:remotename)%00%(upstream:remoteref) refs/heads/main refs/remotes/main [9ms]
2025-04-16 13:57:20.696 [info] > git diff --name-status -z --diff-filter=ADMR e7f547dfe69cee2e94d4305614648cc6a744df20...refs/remotes/origin/main [3ms]
2025-04-16 13:57:20.700 [warning] [Git][revParse] Unable to read file: ENOENT: no such file or directory, open '/home/pamela/repos/git_test/.git/refs/remotes/origin/main'
2025-04-16 13:57:20.702 [info] > git rev-parse refs/remotes/origin/main [3ms]
2025-04-16 13:57:20.710 [info] > git status -z -uall [6ms]
2025-04-16 13:57:20.711 [info] > git for-each-ref --sort -committerdate --format %(refname) %(objectname) %(*objectname) [2ms]
2025-04-16 13:57:21.047 [info] > git check-ignore -v -z --stdin [2ms]
2025-04-16 13:57:21.784 [info] > git config --get commit.template [1ms]
2025-04-16 13:57:21.800 [info] > git for-each-ref --format=%(refname)%00%(upstream:short)%00%(objectname)%00%(upstream:track)%00%(upstream:remotename)%00%(upstream:remoteref) refs/heads/main refs/remotes/main [7ms]
2025-04-16 13:57:21.818 [warning] [Git][revParse] Unable to read file: ENOENT: no such file or directory, open '/home/pamela/repos/git_test/.git/refs/remotes/origin/main'
2025-04-16 13:57:21.819 [info] > git rev-parse refs/remotes/origin/main [1ms]
2025-04-16 13:57:21.827 [info] > git status -z -uall [5ms]
2025-04-16 13:57:21.829 [info] > git for-each-ref --sort -committerdate --format %(refname) %(objectname) %(*objectname) [4ms]
2025-04-16 13:57:33.843 [info] > git show --textconv :README.md [17ms]
2025-04-16 13:57:33.843 [info] > git ls-files --stage -- README.md [14ms]
2025-04-16 13:57:33.850 [info] > git cat-file -s f9894f4195f4854cfc3e3c55960200adebbc3ac5 [2ms]
2025-04-16 13:58:35.179 [info] > git blame --root --incremental e15860c3c0f994e01a05b6f0c0cdfe585ac125f8 -- README.md [21ms]
2025-04-16 14:01:45.195 [info] > git config --get commit.template [3ms]
2025-04-16 14:01:45.203 [info] > git for-each-ref --format=%(refname)%00%(upstream:short)%00%(objectname)%00%(upstream:track)%00%(upstream:remotename)%00%(upstream:remoteref) refs/heads/main refs/remotes/main [9ms]
2025-04-16 14:01:45.206 [warning] [Git][revParse] Unable to read file: ENOENT: no such file or directory, open '/home/pamela/repos/git_test/.git/refs/remotes/origin/main'
2025-04-16 14:01:45.208 [info] > git rev-parse refs/remotes/origin/main [2ms]
2025-04-16 14:01:45.217 [info] > git status -z -uall [6ms]
2025-04-16 14:01:45.220 [info] > git for-each-ref --sort -committerdate --format %(refname) %(objectname) %(*objectname) [4ms]
2025-04-16 14:02:31.275 [info] > git config --get commit.template [10ms]
2025-04-16 14:02:31.277 [info] > git for-each-ref --format=%(refname)%00%(upstream:short)%00%(objectname)%00%(upstream:track)%00%(upstream:remotename)%00%(upstream:remoteref) refs/heads/main refs/remotes/main [3ms]
2025-04-16 14:02:31.281 [warning] [Git][revParse] Unable to read file: ENOENT: no such file or directory, open '/home/pamela/repos/git_test/.git/refs/remotes/origin/main'
2025-04-16 14:02:31.282 [info] > git rev-parse refs/remotes/origin/main [1ms]
2025-04-16 14:02:31.290 [info] > git status -z -uall [5ms]
2025-04-16 14:02:31.291 [info] > git for-each-ref --sort -committerdate --format %(refname) %(objectname) %(*objectname) [2ms]
2025-04-16 14:02:39.547 [info] > git config --get commit.template [3ms]
2025-04-16 14:02:39.548 [info] > git for-each-ref --format=%(refname)%00%(upstream:short)%00%(objectname)%00%(upstream:track)%00%(upstream:remotename)%00%(upstream:remoteref) refs/heads/main refs/remotes/main [2ms]
2025-04-16 14:02:39.551 [warning] [Git][revParse] Unable to read file: ENOENT: no such file or directory, open '/home/pamela/repos/git_test/.git/refs/remotes/origin/main'
2025-04-16 14:02:39.553 [info] > git rev-parse refs/remotes/origin/main [2ms]
2025-04-16 14:02:39.559 [info] > git status -z -uall [3ms]
2025-04-16 14:02:39.560 [info] > git for-each-ref --sort -committerdate --format %(refname) %(objectname) %(*objectname) [1ms]
2025-04-16 14:03:23.952 [info] > git config --get commit.template [5ms]
2025-04-16 14:03:23.953 [info] > git for-each-ref --format=%(refname)%00%(upstream:short)%00%(objectname)%00%(upstream:track)%00%(upstream:remotename)%00%(upstream:remoteref) refs/heads/main refs/remotes/main [2ms]
2025-04-16 14:03:23.957 [warning] [Git][revParse] Unable to read file: ENOENT: no such file or directory, open '/home/pamela/repos/git_test/.git/refs/remotes/origin/main'
2025-04-16 14:03:23.958 [info] > git rev-parse refs/remotes/origin/main [1ms]
2025-04-16 14:03:23.967 [info] > git status -z -uall [6ms]
2025-04-16 14:03:23.970 [info] > git for-each-ref --sort -committerdate --format %(refname) %(objectname) %(*objectname) [3ms]
2025-04-16 14:03:24.300 [info] > git show --textconv HEAD:README.md [7ms]
2025-04-16 14:03:24.302 [info] > git ls-tree -l HEAD -- README.md [3ms]
2025-04-16 14:03:25.047 [info] > git config --get commit.template [2ms]
2025-04-16 14:03:25.052 [info] > git for-each-ref --format=%(refname)%00%(upstream:short)%00%(objectname)%00%(upstream:track)%00%(upstream:remotename)%00%(upstream:remoteref) refs/heads/main refs/remotes/main [2ms]
2025-04-16 14:03:25.055 [warning] [Git][revParse] Unable to read file: ENOENT: no such file or directory, open '/home/pamela/repos/git_test/.git/refs/remotes/origin/main'
2025-04-16 14:03:25.057 [info] > git rev-parse refs/remotes/origin/main [2ms]
2025-04-16 14:03:25.063 [info] > git status -z -uall [3ms]
2025-04-16 14:03:25.064 [info] > git for-each-ref --sort -committerdate --format %(refname) %(objectname) %(*objectname) [2ms]
2025-04-16 14:03:25.144 [info] > git ls-files --stage -- README.md [4ms]
2025-04-16 14:03:25.147 [info] > git ls-tree -l HEAD -- README.md [4ms]
2025-04-16 14:03:25.147 [info] > git cat-file -s 253507c85b520fabff7bcb8f3ef941627ce275b4 [1ms]
2025-04-16 14:03:25.156 [info] > git show --textconv HEAD:README.md [2ms]
2025-04-16 14:03:25.157 [info] > git show --textconv :README.md [1ms]
2025-04-16 14:03:55.244 [info] > git show --textconv :hello_world.txt [4ms]
2025-04-16 14:03:55.246 [info] > git ls-files --stage -- hello_world.txt [3ms]
2025-04-16 14:03:55.251 [info] > git cat-file -s e69de29bb2d1d6434b8b29ae775ad8c2e48c5391 [2ms]
2025-04-16 14:03:57.525 [info] > git blame --root --incremental e15860c3c0f994e01a05b6f0c0cdfe585ac125f8 -- hello_world.txt [6ms]
2025-04-16 14:04:08.353 [info] > git config --get commit.template [4ms]
2025-04-16 14:04:08.354 [info] > git for-each-ref --format=%(refname)%00%(upstream:short)%00%(objectname)%00%(upstream:track)%00%(upstream:remotename)%00%(upstream:remoteref) refs/heads/main refs/remotes/main [2ms]
2025-04-16 14:04:08.357 [warning] [Git][revParse] Unable to read file: ENOENT: no such file or directory, open '/home/pamela/repos/git_test/.git/refs/remotes/origin/main'
2025-04-16 14:04:08.358 [info] > git rev-parse refs/remotes/origin/main [1ms]
2025-04-16 14:04:08.364 [info] > git status -z -uall [3ms]
2025-04-16 14:04:08.365 [info] > git for-each-ref --sort -committerdate --format %(refname) %(objectname) %(*objectname) [2ms]
2025-04-16 14:04:33.116 [info] > git config --get commit.template [3ms]
2025-04-16 14:04:33.117 [info] > git for-each-ref --format=%(refname)%00%(upstream:short)%00%(objectname)%00%(upstream:track)%00%(upstream:remotename)%00%(upstream:remoteref) refs/heads/main refs/remotes/main [2ms]
2025-04-16 14:04:33.120 [warning] [Git][revParse] Unable to read file: ENOENT: no such file or directory, open '/home/pamela/repos/git_test/.git/refs/remotes/origin/main'
2025-04-16 14:04:33.121 [info] > git rev-parse refs/remotes/origin/main [1ms]
2025-04-16 14:04:33.129 [info] > git status -z -uall [3ms]
2025-04-16 14:04:33.130 [info] > git for-each-ref --sort -committerdate --format %(refname) %(objectname) %(*objectname) [2ms]
2025-04-16 14:04:33.446 [info] > git show --textconv HEAD:hello_world.txt [2ms]
2025-04-16 14:04:33.447 [info] > git ls-tree -l HEAD -- hello_world.txt [1ms]
2025-04-16 14:04:34.196 [info] > git config --get commit.template [1ms]
2025-04-16 14:04:34.200 [info] > git for-each-ref --format=%(refname)%00%(upstream:short)%00%(objectname)%00%(upstream:track)%00%(upstream:remotename)%00%(upstream:remoteref) refs/heads/main refs/remotes/main [2ms]
2025-04-16 14:04:34.202 [warning] [Git][revParse] Unable to read file: ENOENT: no such file or directory, open '/home/pamela/repos/git_test/.git/refs/remotes/origin/main'
2025-04-16 14:04:34.203 [info] > git rev-parse refs/remotes/origin/main [1ms]
2025-04-16 14:04:34.211 [info] > git status -z -uall [6ms]
2025-04-16 14:04:34.214 [info] > git for-each-ref --sort -committerdate --format %(refname) %(objectname) %(*objectname) [5ms]
2025-04-16 14:04:34.300 [info] > git ls-files --stage -- hello_world.txt [4ms]
2025-04-16 14:04:34.305 [info] > git ls-tree -l HEAD -- hello_world.txt [6ms]
2025-04-16 14:04:34.306 [info] > git cat-file -s 4bc06c56720354f5699cfb4f3bfd790289aebc5c [1ms]
2025-04-16 14:04:34.318 [info] > git show --textconv HEAD:hello_world.txt [6ms]
2025-04-16 14:04:34.318 [info] > git show --textconv :hello_world.txt [1ms]
2025-04-16 14:05:34.367 [info] > git config --get commit.template [6ms]
2025-04-16 14:05:34.371 [info] > git for-each-ref --format=%(refname)%00%(upstream:short)%00%(objectname)%00%(upstream:track)%00%(upstream:remotename)%00%(upstream:remoteref) refs/heads/main refs/remotes/main [6ms]
2025-04-16 14:05:34.374 [warning] [Git][revParse] Unable to read file: ENOENT: no such file or directory, open '/home/pamela/repos/git_test/.git/refs/remotes/origin/main'
2025-04-16 14:05:34.376 [info] > git rev-parse refs/remotes/origin/main [1ms]
2025-04-16 14:05:34.383 [info] > git status -z -uall [4ms]
2025-04-16 14:05:34.384 [info] > git for-each-ref --sort -committerdate --format %(refname) %(objectname) %(*objectname) [2ms]
2025-04-16 14:05:34.396 [info] > git blame --root --incremental 4a7486815c6913c5998eafb0e4ded146779ca754 -- hello_world.txt [5ms]
2025-04-16 14:05:34.397 [info] > git merge-base refs/heads/main refs/remotes/origin/main [2ms]
2025-04-16 14:05:34.405 [info] > git diff --name-status -z --diff-filter=ADMR e7f547dfe69cee2e94d4305614648cc6a744df20...refs/remotes/origin/main [5ms]
2025-04-16 14:05:35.494 [info] > git ls-files --stage -- hello_world.txt [3ms]
2025-04-16 14:05:35.498 [info] > git cat-file -s 4bc06c56720354f5699cfb4f3bfd790289aebc5c [1ms]
2025-04-16 14:05:35.506 [info] > git show --textconv :hello_world.txt [1ms]
