2025-06-04 09:57:24.697 [info] Extension host with pid 959 started
2025-06-04 09:57:24.697 [error] Error: EEXIST: file already exists, open '/home/pamela/.vscode-server/data/User/workspaceStorage/af34ca71873d72e8ca3c07b739448b1a/vscode.lock'
2025-06-04 09:57:24.697 [info] Lock '/home/pamela/.vscode-server/data/User/workspaceStorage/af34ca71873d72e8ca3c07b739448b1a/vscode.lock': Could not acquire lock, checking if the file is stale.
2025-06-04 09:57:24.734 [info] Lock '/home/pamela/.vscode-server/data/User/workspaceStorage/af34ca71873d72e8ca3c07b739448b1a/vscode.lock': The pid 20025 appears to be gone.
2025-06-04 09:57:24.735 [info] Lock '/home/pamela/.vscode-server/data/User/workspaceStorage/af34ca71873d72e8ca3c07b739448b1a/vscode.lock': Deleting a stale lock.
2025-06-04 09:57:24.758 [info] Lock '/home/pamela/.vscode-server/data/User/workspaceStorage/af34ca71873d72e8ca3c07b739448b1a/vscode.lock': Lock acquired.
2025-06-04 09:57:24.949 [info] ExtensionService#_doActivateExtension vscode.emmet, startup: false, activationEvent: 'onLanguage'
2025-06-04 09:57:24.952 [info] ExtensionService#_doActivateExtension vscode.tunnel-forwarding, startup: false, activationEvent: 'onTunnel'
2025-06-04 09:57:24.953 [info] ExtensionService#_doActivateExtension vscode.html-language-features, startup: false, activationEvent: 'onLanguage:html'
2025-06-04 09:57:25.979 [info] ExtensionService#_doActivateExtension vscode.git-base, startup: true, activationEvent: '*', root cause: vscode.git
2025-06-04 09:57:26.091 [info] ExtensionService#_doActivateExtension vscode.git, startup: true, activationEvent: '*'
2025-06-04 09:57:26.094 [info] ExtensionService#_doActivateExtension vscode.github, startup: true, activationEvent: '*'
2025-06-04 09:57:26.652 [info] Eager extensions activated
2025-06-04 09:57:26.653 [info] ExtensionService#_doActivateExtension vscode.debug-auto-launch, startup: false, activationEvent: 'onStartupFinished'
2025-06-04 09:57:26.654 [info] ExtensionService#_doActivateExtension vscode.merge-conflict, startup: false, activationEvent: 'onStartupFinished'
2025-06-04 09:57:26.656 [info] ExtensionService#_doActivateExtension ritwickdey.LiveServer, startup: false, activationEvent: 'onStartupFinished'
2025-06-04 09:57:29.532 [warning] [Decorations] CAPPING events from decorations provider vscode.git 19993
2025-06-04 09:57:34.677 [warning] [Decorations] CAPPING events from decorations provider vscode.git 19993
2025-06-04 09:57:38.720 [info] ExtensionService#_doActivateExtension vscode.extension-editing, startup: false, activationEvent: 'onLanguage:markdown'
2025-06-04 09:57:38.721 [info] ExtensionService#_doActivateExtension vscode.markdown-language-features, startup: false, activationEvent: 'onLanguage:markdown'
2025-06-04 09:57:40.187 [info] ExtensionService#_doActivateExtension vscode.markdown-math, startup: false, activationEvent: 'api', root cause: vscode.markdown-language-features
